  main.cpp
C:\Users\rpist\Desktop\VS\PathFindingProject\PathFindingProject\main.cpp(30,73): warning C4244: '=': conversione da 'double' a 'float'. Possibile perdita di dati.
C:\Users\rpist\Desktop\VS\PathFindingProject\PathFindingProject\main.cpp(35,18): warning C4305: '=': troncamento da 'int' a 'float'
C:\Users\rpist\Desktop\VS\PathFindingProject\PathFindingProject\main.cpp(42,16): warning C4244: '=': conversione da 'int' a 'float'. Possibile perdita di dati.
C:\Users\rpist\Desktop\VS\PathFindingProject\PathFindingProject\main.cpp(43,16): warning C4244: '=': conversione da 'int' a 'float'. Possibile perdita di dati.
C:\Users\rpist\Desktop\VS\PathFindingProject\PathFindingProject\main.cpp(198,64): warning C4244: 'argomento': conversione da 'float' a 'int'. Possibile perdita di dati.
C:\Users\rpist\Desktop\VS\PathFindingProject\PathFindingProject\main.cpp(198,48): warning C4244: 'argomento': conversione da 'float' a 'int'. Possibile perdita di dati.
C:\Users\rpist\Desktop\VS\PathFindingProject\PathFindingProject\main.cpp(198,33): warning C4244: 'argomento': conversione da 'float' a 'int'. Possibile perdita di dati.
C:\Users\rpist\Desktop\VS\PathFindingProject\PathFindingProject\main.cpp(198,22): warning C4244: 'argomento': conversione da 'float' a 'int'. Possibile perdita di dati.
C:\Users\rpist\Desktop\VS\PathFindingProject\PathFindingProject\main.cpp(200,69): warning C4244: 'argomento': conversione da 'float' a 'int'. Possibile perdita di dati.
C:\Users\rpist\Desktop\VS\PathFindingProject\PathFindingProject\main.cpp(200,53): warning C4244: 'argomento': conversione da 'float' a 'int'. Possibile perdita di dati.
C:\Users\rpist\Desktop\VS\PathFindingProject\PathFindingProject\main.cpp(200,38): warning C4244: 'argomento': conversione da 'float' a 'int'. Possibile perdita di dati.
C:\Users\rpist\Desktop\VS\PathFindingProject\PathFindingProject\main.cpp(200,27): warning C4244: 'argomento': conversione da 'float' a 'int'. Possibile perdita di dati.
C:\Users\rpist\Desktop\VS\PathFindingProject\PathFindingProject\main.cpp(210,15): warning C4244: 'inizializzazione': conversione da 'float' a 'int'. Possibile perdita di dati.
C:\Users\rpist\Desktop\VS\PathFindingProject\PathFindingProject\main.cpp(217,15): warning C4244: 'inizializzazione': conversione da 'float' a 'int'. Possibile perdita di dati.
C:\Users\rpist\Desktop\VS\PathFindingProject\PathFindingProject\main.cpp(231,98): warning C4244: 'argomento': conversione da 'float' a 'int'. Possibile perdita di dati.
C:\Users\rpist\Desktop\VS\PathFindingProject\PathFindingProject\main.cpp(231,83): warning C4244: 'argomento': conversione da 'float' a 'int'. Possibile perdita di dati.
C:\Users\rpist\Desktop\VS\PathFindingProject\PathFindingProject\main.cpp(231,68): warning C4244: 'argomento': conversione da 'float' a 'int'. Possibile perdita di dati.
C:\Users\rpist\Desktop\VS\PathFindingProject\PathFindingProject\main.cpp(231,41): warning C4244: 'argomento': conversione da 'float' a 'int'. Possibile perdita di dati.
C:\Users\rpist\Desktop\VS\PathFindingProject\PathFindingProject\main.cpp(235,98): warning C4244: 'argomento': conversione da 'float' a 'int'. Possibile perdita di dati.
C:\Users\rpist\Desktop\VS\PathFindingProject\PathFindingProject\main.cpp(235,83): warning C4244: 'argomento': conversione da 'float' a 'int'. Possibile perdita di dati.
C:\Users\rpist\Desktop\VS\PathFindingProject\PathFindingProject\main.cpp(235,68): warning C4244: 'argomento': conversione da 'float' a 'int'. Possibile perdita di dati.
C:\Users\rpist\Desktop\VS\PathFindingProject\PathFindingProject\main.cpp(235,41): warning C4244: 'argomento': conversione da 'float' a 'int'. Possibile perdita di dati.
C:\Users\rpist\Desktop\VS\PathFindingProject\PathFindingProject\main.cpp(239,98): warning C4244: 'argomento': conversione da 'float' a 'int'. Possibile perdita di dati.
C:\Users\rpist\Desktop\VS\PathFindingProject\PathFindingProject\main.cpp(239,83): warning C4244: 'argomento': conversione da 'float' a 'int'. Possibile perdita di dati.
C:\Users\rpist\Desktop\VS\PathFindingProject\PathFindingProject\main.cpp(239,68): warning C4244: 'argomento': conversione da 'float' a 'int'. Possibile perdita di dati.
C:\Users\rpist\Desktop\VS\PathFindingProject\PathFindingProject\main.cpp(239,41): warning C4244: 'argomento': conversione da 'float' a 'int'. Possibile perdita di dati.
C:\Users\rpist\Desktop\VS\PathFindingProject\PathFindingProject\main.cpp(240,103): warning C4244: 'argomento': conversione da 'float' a 'int'. Possibile perdita di dati.
C:\Users\rpist\Desktop\VS\PathFindingProject\PathFindingProject\main.cpp(240,88): warning C4244: 'argomento': conversione da 'float' a 'int'. Possibile perdita di dati.
C:\Users\rpist\Desktop\VS\PathFindingProject\PathFindingProject\main.cpp(240,73): warning C4244: 'argomento': conversione da 'float' a 'int'. Possibile perdita di dati.
C:\Users\rpist\Desktop\VS\PathFindingProject\PathFindingProject\main.cpp(240,46): warning C4244: 'argomento': conversione da 'float' a 'int'. Possibile perdita di dati.
C:\Users\rpist\Desktop\VS\PathFindingProject\PathFindingProject\main.cpp(244,98): warning C4244: 'argomento': conversione da 'float' a 'int'. Possibile perdita di dati.
C:\Users\rpist\Desktop\VS\PathFindingProject\PathFindingProject\main.cpp(244,83): warning C4244: 'argomento': conversione da 'float' a 'int'. Possibile perdita di dati.
C:\Users\rpist\Desktop\VS\PathFindingProject\PathFindingProject\main.cpp(244,68): warning C4244: 'argomento': conversione da 'float' a 'int'. Possibile perdita di dati.
C:\Users\rpist\Desktop\VS\PathFindingProject\PathFindingProject\main.cpp(244,41): warning C4244: 'argomento': conversione da 'float' a 'int'. Possibile perdita di dati.
C:\Users\rpist\Desktop\VS\PathFindingProject\PathFindingProject\main.cpp(245,103): warning C4244: 'argomento': conversione da 'float' a 'int'. Possibile perdita di dati.
C:\Users\rpist\Desktop\VS\PathFindingProject\PathFindingProject\main.cpp(245,88): warning C4244: 'argomento': conversione da 'float' a 'int'. Possibile perdita di dati.
C:\Users\rpist\Desktop\VS\PathFindingProject\PathFindingProject\main.cpp(245,73): warning C4244: 'argomento': conversione da 'float' a 'int'. Possibile perdita di dati.
C:\Users\rpist\Desktop\VS\PathFindingProject\PathFindingProject\main.cpp(245,46): warning C4244: 'argomento': conversione da 'float' a 'int'. Possibile perdita di dati.
C:\Users\rpist\Desktop\VS\PathFindingProject\PathFindingProject\main.cpp(249,98): warning C4244: 'argomento': conversione da 'float' a 'int'. Possibile perdita di dati.
C:\Users\rpist\Desktop\VS\PathFindingProject\PathFindingProject\main.cpp(249,83): warning C4244: 'argomento': conversione da 'float' a 'int'. Possibile perdita di dati.
C:\Users\rpist\Desktop\VS\PathFindingProject\PathFindingProject\main.cpp(249,68): warning C4244: 'argomento': conversione da 'float' a 'int'. Possibile perdita di dati.
C:\Users\rpist\Desktop\VS\PathFindingProject\PathFindingProject\main.cpp(249,41): warning C4244: 'argomento': conversione da 'float' a 'int'. Possibile perdita di dati.
C:\Users\rpist\Desktop\VS\PathFindingProject\PathFindingProject\main.cpp(250,103): warning C4244: 'argomento': conversione da 'float' a 'int'. Possibile perdita di dati.
C:\Users\rpist\Desktop\VS\PathFindingProject\PathFindingProject\main.cpp(250,88): warning C4244: 'argomento': conversione da 'float' a 'int'. Possibile perdita di dati.
C:\Users\rpist\Desktop\VS\PathFindingProject\PathFindingProject\main.cpp(250,73): warning C4244: 'argomento': conversione da 'float' a 'int'. Possibile perdita di dati.
C:\Users\rpist\Desktop\VS\PathFindingProject\PathFindingProject\main.cpp(250,46): warning C4244: 'argomento': conversione da 'float' a 'int'. Possibile perdita di dati.
C:\Users\rpist\Desktop\VS\PathFindingProject\PathFindingProject\main.cpp(254,98): warning C4244: 'argomento': conversione da 'float' a 'int'. Possibile perdita di dati.
C:\Users\rpist\Desktop\VS\PathFindingProject\PathFindingProject\main.cpp(254,83): warning C4244: 'argomento': conversione da 'float' a 'int'. Possibile perdita di dati.
C:\Users\rpist\Desktop\VS\PathFindingProject\PathFindingProject\main.cpp(254,68): warning C4244: 'argomento': conversione da 'float' a 'int'. Possibile perdita di dati.
C:\Users\rpist\Desktop\VS\PathFindingProject\PathFindingProject\main.cpp(254,41): warning C4244: 'argomento': conversione da 'float' a 'int'. Possibile perdita di dati.
C:\Users\rpist\Desktop\VS\PathFindingProject\PathFindingProject\main.cpp(258,98): warning C4244: 'argomento': conversione da 'float' a 'int'. Possibile perdita di dati.
C:\Users\rpist\Desktop\VS\PathFindingProject\PathFindingProject\main.cpp(258,83): warning C4244: 'argomento': conversione da 'float' a 'int'. Possibile perdita di dati.
C:\Users\rpist\Desktop\VS\PathFindingProject\PathFindingProject\main.cpp(258,68): warning C4244: 'argomento': conversione da 'float' a 'int'. Possibile perdita di dati.
C:\Users\rpist\Desktop\VS\PathFindingProject\PathFindingProject\main.cpp(258,41): warning C4244: 'argomento': conversione da 'float' a 'int'. Possibile perdita di dati.
C:\Users\rpist\Desktop\VS\PathFindingProject\PathFindingProject\main.cpp(259,103): warning C4244: 'argomento': conversione da 'float' a 'int'. Possibile perdita di dati.
C:\Users\rpist\Desktop\VS\PathFindingProject\PathFindingProject\main.cpp(259,88): warning C4244: 'argomento': conversione da 'float' a 'int'. Possibile perdita di dati.
C:\Users\rpist\Desktop\VS\PathFindingProject\PathFindingProject\main.cpp(259,73): warning C4244: 'argomento': conversione da 'float' a 'int'. Possibile perdita di dati.
C:\Users\rpist\Desktop\VS\PathFindingProject\PathFindingProject\main.cpp(259,46): warning C4244: 'argomento': conversione da 'float' a 'int'. Possibile perdita di dati.
C:\Users\rpist\Desktop\VS\PathFindingProject\PathFindingProject\main.cpp(279,12): warning C4244: 'inizializzazione': conversione da 'float' a 'int'. Possibile perdita di dati.
C:\Users\rpist\Desktop\VS\PathFindingProject\PathFindingProject\main.cpp(280,40): warning C4244: 'argomento': conversione da 'float' a 'int'. Possibile perdita di dati.
C:\Users\rpist\Desktop\VS\PathFindingProject\PathFindingProject\main.cpp(281,92): warning C4244: 'argomento': conversione da 'float' a 'int'. Possibile perdita di dati.
C:\Users\rpist\Desktop\VS\PathFindingProject\PathFindingProject\main.cpp(281,69): warning C4244: 'argomento': conversione da 'float' a 'int'. Possibile perdita di dati.
C:\Users\rpist\Desktop\VS\PathFindingProject\PathFindingProject\main.cpp(281,50): warning C4244: 'argomento': conversione da 'float' a 'int'. Possibile perdita di dati.
C:\Users\rpist\Desktop\VS\PathFindingProject\PathFindingProject\main.cpp(281,31): warning C4244: 'argomento': conversione da 'float' a 'int'. Possibile perdita di dati.
C:\Users\rpist\Desktop\VS\PathFindingProject\PathFindingProject\main.cpp(286,51): warning C4244: 'argomento': conversione da 'float' a 'int'. Possibile perdita di dati.
C:\Users\rpist\Desktop\VS\PathFindingProject\PathFindingProject\main.cpp(286,32): warning C4244: 'argomento': conversione da 'float' a 'int'. Possibile perdita di dati.
C:\Users\rpist\Desktop\VS\PathFindingProject\PathFindingProject\main.cpp(290,56): warning C4244: 'argomento': conversione da 'float' a 'int'. Possibile perdita di dati.
C:\Users\rpist\Desktop\VS\PathFindingProject\PathFindingProject\main.cpp(290,35): warning C4244: 'argomento': conversione da 'float' a 'int'. Possibile perdita di dati.
C:\Users\rpist\Desktop\VS\PathFindingProject\PathFindingProject\main.cpp(294,57): warning C4244: 'argomento': conversione da 'float' a 'int'. Possibile perdita di dati.
C:\Users\rpist\Desktop\VS\PathFindingProject\PathFindingProject\main.cpp(294,35): warning C4244: 'argomento': conversione da 'float' a 'int'. Possibile perdita di dati.
C:\Users\rpist\Desktop\VS\PathFindingProject\PathFindingProject\main.cpp(298,57): warning C4244: 'argomento': conversione da 'float' a 'int'. Possibile perdita di dati.
C:\Users\rpist\Desktop\VS\PathFindingProject\PathFindingProject\main.cpp(298,35): warning C4244: 'argomento': conversione da 'float' a 'int'. Possibile perdita di dati.
C:\Users\rpist\Desktop\VS\PathFindingProject\PathFindingProject\main.cpp(302,97): warning C4244: 'argomento': conversione da 'float' a 'int'. Possibile perdita di dati.
C:\Users\rpist\Desktop\VS\PathFindingProject\PathFindingProject\main.cpp(302,74): warning C4244: 'argomento': conversione da 'float' a 'int'. Possibile perdita di dati.
C:\Users\rpist\Desktop\VS\PathFindingProject\PathFindingProject\main.cpp(302,55): warning C4244: 'argomento': conversione da 'float' a 'int'. Possibile perdita di dati.
C:\Users\rpist\Desktop\VS\PathFindingProject\PathFindingProject\main.cpp(302,36): warning C4244: 'argomento': conversione da 'float' a 'int'. Possibile perdita di dati.
C:\Users\rpist\Desktop\VS\PathFindingProject\PathFindingProject\main.cpp(306,105): warning C4244: 'argomento': conversione da 'float' a 'int'. Possibile perdita di dati.
C:\Users\rpist\Desktop\VS\PathFindingProject\PathFindingProject\main.cpp(306,77): warning C4244: 'argomento': conversione da 'float' a 'int'. Possibile perdita di dati.
C:\Users\rpist\Desktop\VS\PathFindingProject\PathFindingProject\main.cpp(306,55): warning C4244: 'argomento': conversione da 'float' a 'int'. Possibile perdita di dati.
C:\Users\rpist\Desktop\VS\PathFindingProject\PathFindingProject\main.cpp(306,30): warning C4244: 'argomento': conversione da 'float' a 'int'. Possibile perdita di dati.
C:\Users\rpist\Desktop\VS\PathFindingProject\PathFindingProject\main.cpp(310,61): warning C4244: 'argomento': conversione da 'float' a 'int'. Possibile perdita di dati.
C:\Users\rpist\Desktop\VS\PathFindingProject\PathFindingProject\main.cpp(310,34): warning C4244: 'argomento': conversione da 'float' a 'int'. Possibile perdita di dati.
C:\Users\rpist\Desktop\VS\PathFindingProject\PathFindingProject\main.cpp(311,66): warning C4244: 'argomento': conversione da 'float' a 'int'. Possibile perdita di dati.
C:\Users\rpist\Desktop\VS\PathFindingProject\PathFindingProject\main.cpp(311,39): warning C4244: 'argomento': conversione da 'float' a 'int'. Possibile perdita di dati.
C:\Users\rpist\Desktop\VS\PathFindingProject\PathFindingProject\main.cpp(312,67): warning C4244: 'argomento': conversione da 'float' a 'int'. Possibile perdita di dati.
C:\Users\rpist\Desktop\VS\PathFindingProject\PathFindingProject\main.cpp(312,40): warning C4244: 'argomento': conversione da 'float' a 'int'. Possibile perdita di dati.
C:\Users\rpist\Desktop\VS\PathFindingProject\PathFindingProject\main.cpp(313,67): warning C4244: 'argomento': conversione da 'float' a 'int'. Possibile perdita di dati.
C:\Users\rpist\Desktop\VS\PathFindingProject\PathFindingProject\main.cpp(313,40): warning C4244: 'argomento': conversione da 'float' a 'int'. Possibile perdita di dati.
C:\Users\rpist\Desktop\VS\PathFindingProject\PathFindingProject\main.cpp(344,10): warning C4244: 'inizializzazione': conversione da 'float' a 'int'. Possibile perdita di dati.
C:\Users\rpist\Desktop\VS\PathFindingProject\PathFindingProject\main.cpp(345,10): warning C4244: 'inizializzazione': conversione da 'float' a 'int'. Possibile perdita di dati.
C:\Users\rpist\Desktop\VS\PathFindingProject\PathFindingProject\main.cpp(396,27): warning C4244: '=': conversione da 'float' a 'int'. Possibile perdita di dati.
C:\Users\rpist\Desktop\VS\PathFindingProject\PathFindingProject\main.cpp(516,9): warning C4244: 'inizializzazione': conversione da 'float' a 'int'. Possibile perdita di dati.
C:\Users\rpist\Desktop\VS\PathFindingProject\PathFindingProject\main.cpp(517,9): warning C4244: 'inizializzazione': conversione da 'float' a 'int'. Possibile perdita di dati.
C:\Users\rpist\Desktop\VS\PathFindingProject\PathFindingProject\main.cpp(523,31): warning C4305: '=': troncamento da 'int' a 'float'
C:\Users\rpist\Desktop\VS\PathFindingProject\PathFindingProject\main.cpp(530,12): warning C4244: 'inizializzazione': conversione da 'float' a 'int'. Possibile perdita di dati.
C:\Users\rpist\Desktop\VS\PathFindingProject\PathFindingProject\main.cpp(532,65): warning C4244: 'argomento': conversione da 'float' a 'int'. Possibile perdita di dati.
C:\Users\rpist\Desktop\VS\PathFindingProject\PathFindingProject\main.cpp(532,40): warning C4244: 'argomento': conversione da 'float' a 'int'. Possibile perdita di dati.
C:\Users\rpist\Desktop\VS\PathFindingProject\PathFindingProject\main.cpp(543,12): warning C4244: 'inizializzazione': conversione da 'float' a 'int'. Possibile perdita di dati.
C:\Users\rpist\Desktop\VS\PathFindingProject\PathFindingProject\main.cpp(546,61): warning C4244: 'argomento': conversione da 'float' a 'int'. Possibile perdita di dati.
C:\Users\rpist\Desktop\VS\PathFindingProject\PathFindingProject\main.cpp(546,47): warning C4244: 'argomento': conversione da 'float' a 'int'. Possibile perdita di dati.
C:\Users\rpist\Desktop\VS\PathFindingProject\PathFindingProject\main.cpp(546,37): warning C4244: 'argomento': conversione da 'float' a 'int'. Possibile perdita di dati.
C:\Users\rpist\Desktop\VS\PathFindingProject\PathFindingProject\main.cpp(546,27): warning C4244: 'argomento': conversione da 'float' a 'int'. Possibile perdita di dati.
C:\Users\rpist\Desktop\VS\PathFindingProject\PathFindingProject\main.cpp(547,48): warning C4244: 'argomento': conversione da 'float' a 'int'. Possibile perdita di dati.
C:\Users\rpist\Desktop\VS\PathFindingProject\PathFindingProject\main.cpp(547,30): warning C4244: 'argomento': conversione da 'float' a 'int'. Possibile perdita di dati.
C:\Users\rpist\Desktop\VS\PathFindingProject\PathFindingProject\main.cpp(549,51): warning C4244: '=': conversione da 'float' a 'int'. Possibile perdita di dati.
C:\Users\rpist\Desktop\VS\PathFindingProject\PathFindingProject\main.cpp(551,53): warning C4244: 'argomento': conversione da 'float' a 'int'. Possibile perdita di dati.
C:\Users\rpist\Desktop\VS\PathFindingProject\PathFindingProject\main.cpp(551,41): warning C4244: 'argomento': conversione da 'float' a 'int'. Possibile perdita di dati.
C:\Users\rpist\Desktop\VS\PathFindingProject\PathFindingProject\main.cpp(551,33): warning C4244: 'argomento': conversione da 'float' a 'int'. Possibile perdita di dati.
C:\Users\rpist\Desktop\VS\PathFindingProject\PathFindingProject\main.cpp(551,25): warning C4244: 'argomento': conversione da 'float' a 'int'. Possibile perdita di dati.
C:\Users\rpist\Desktop\VS\PathFindingProject\PathFindingProject\main.cpp(552,42): warning C4244: 'argomento': conversione da 'float' a 'int'. Possibile perdita di dati.
C:\Users\rpist\Desktop\VS\PathFindingProject\PathFindingProject\main.cpp(552,26): warning C4244: 'argomento': conversione da 'float' a 'int'. Possibile perdita di dati.
C:\Users\rpist\Desktop\VS\PathFindingProject\PathFindingProject\main.cpp(554,51): warning C4244: '=': conversione da 'float' a 'int'. Possibile perdita di dati.
C:\Users\rpist\Desktop\VS\PathFindingProject\PathFindingProject\main.cpp(556,53): warning C4244: 'argomento': conversione da 'float' a 'int'. Possibile perdita di dati.
C:\Users\rpist\Desktop\VS\PathFindingProject\PathFindingProject\main.cpp(556,41): warning C4244: 'argomento': conversione da 'float' a 'int'. Possibile perdita di dati.
C:\Users\rpist\Desktop\VS\PathFindingProject\PathFindingProject\main.cpp(556,33): warning C4244: 'argomento': conversione da 'float' a 'int'. Possibile perdita di dati.
C:\Users\rpist\Desktop\VS\PathFindingProject\PathFindingProject\main.cpp(556,25): warning C4244: 'argomento': conversione da 'float' a 'int'. Possibile perdita di dati.
C:\Users\rpist\Desktop\VS\PathFindingProject\PathFindingProject\main.cpp(557,42): warning C4244: 'argomento': conversione da 'float' a 'int'. Possibile perdita di dati.
C:\Users\rpist\Desktop\VS\PathFindingProject\PathFindingProject\main.cpp(557,26): warning C4244: 'argomento': conversione da 'float' a 'int'. Possibile perdita di dati.
C:\Users\rpist\Desktop\VS\PathFindingProject\PathFindingProject\main.cpp(565,57): warning C4244: 'argomento': conversione da 'float' a 'int'. Possibile perdita di dati.
C:\Users\rpist\Desktop\VS\PathFindingProject\PathFindingProject\main.cpp(565,44): warning C4244: 'argomento': conversione da 'float' a 'int'. Possibile perdita di dati.
C:\Users\rpist\Desktop\VS\PathFindingProject\PathFindingProject\main.cpp(565,35): warning C4244: 'argomento': conversione da 'float' a 'int'. Possibile perdita di dati.
C:\Users\rpist\Desktop\VS\PathFindingProject\PathFindingProject\main.cpp(565,26): warning C4244: 'argomento': conversione da 'float' a 'int'. Possibile perdita di dati.
C:\Users\rpist\Desktop\VS\PathFindingProject\PathFindingProject\main.cpp(567,12): warning C4244: 'inizializzazione': conversione da 'float' a 'int'. Possibile perdita di dati.
C:\Users\rpist\Desktop\VS\PathFindingProject\PathFindingProject\main.cpp(569,59): warning C4244: 'argomento': conversione da 'float' a 'int'. Possibile perdita di dati.
C:\Users\rpist\Desktop\VS\PathFindingProject\PathFindingProject\main.cpp(569,42): warning C4244: 'argomento': conversione da 'float' a 'int'. Possibile perdita di dati.
C:\Users\rpist\Desktop\VS\PathFindingProject\PathFindingProject\main.cpp(581,76): warning C4244: 'argomento': conversione da 'float' a 'int'. Possibile perdita di dati.
C:\Users\rpist\Desktop\VS\PathFindingProject\PathFindingProject\main.cpp(581,37): warning C4244: 'argomento': conversione da 'float' a 'int'. Possibile perdita di dati.
C:\Users\rpist\Desktop\VS\PathFindingProject\PathFindingProject\main.cpp(749,20): warning C4244: 'argomento': conversione da 'time_t' a 'unsigned int'. Possibile perdita di dati.
  Generazione codice in corso...
  1 of 210 functions ( 0.5%) were compiled, the rest were copied from previous compilation.
    0 functions were new in current compilation
    1 functions had inline decision re-evaluated but remain unchanged
  Generazione codice terminata
  PathFindingProject.vcxproj -> C:\Users\rpist\Desktop\VS\PathFindingProject\x64\Release\PathFindingProject.exe
